# JRE version: OpenJDK Runtime Environment Temurin-21.0.11+10 (21.0.11+10) (build 21.0.11+10-LTS)
# Java VM: OpenJDK 64-Bit Server VM Temurin-21.0.11+10 (21.0.11+10-LTS, mixed mode, sharing, tiered, compressed oops, compressed class ptrs, parallel gc, windows-amd64)
GC Precious Log:
 CardTable entry size: 512
 CPUs: 12 total, 12 available
 Memory: 7581M
 Large Page Support: Disabled
 NUMA Support: Disabled
 Compressed Oops: Enabled (32-bit)
 Alignments: Space 512K, Generation 512K, Heap 2M
 Heap Min Capacity: 100M
 Heap Initial Capacity: 100M
 Heap Max Capacity: 2G
 Pre-touch: Disabled
 Parallel Workers: 10
Heap:
 PSYoungGen      total 11264K, used 4165K [0x00000000d5580000, 0x00000000d6500000, 0x0000000100000000)
  eden space 7680K, 13% used [0x00000000d5580000,0x00000000d568a348,0x00000000d5d00000)
  from space 3584K, 86% used [0x00000000d5d00000,0x00000000d6007340,0x00000000d6080000)
  to   space 4096K, 0% used [0x00000000d6100000,0x00000000d6100000,0x00000000d6500000)
 ParOldGen       total 633344K, used 632962K [0x0000000080000000, 0x00000000a6a80000, 0x00000000d5580000)
  object space 633344K, 99% used [0x0000000080000000,0x00000000a6a209e0,0x00000000a6a80000)
 Metaspace       used 83579K, committed 85248K, reserved 1179648K
  class space    used 8648K, committed 9408K, reserved 1048576K
GC Heap History (20 events):
Event: 86986.227 GC heap before
{Heap before GC invocations=708 (full 4):
 PSYoungGen      total 11264K, used 11244K [0x00000000d5580000, 0x00000000d7100000, 0x0000000100000000)
  eden space 7168K, 100% used [0x00000000d5580000,0x00000000d5c80000,0x00000000d5c80000)
  from space 4096K, 99% used [0x00000000d5c80000,0x00000000d607b0b0,0x00000000d6080000)
  to   space 10240K, 0% used [0x00000000d6700000,0x00000000d6700000,0x00000000d7100000)
 ParOldGen       total 615424K, used 614942K [0x0000000080000000, 0x00000000a5900000, 0x00000000d5580000)
  object space 615424K, 99% used [0x0000000080000000,0x00000000a5887a70,0x00000000a5900000)
 Metaspace       used 79737K, committed 81408K, reserved 1179648K
  class space    used 8161K, committed 9024K, reserved 1048576K
}
Event: 86986.235 GC heap after
{Heap after GC invocations=708 (full 4):
 PSYoungGen      total 15360K, used 6174K [0x00000000d5580000, 0x00000000d6d80000, 0x0000000100000000)
  eden space 8704K, 0% used [0x00000000d5580000,0x00000000d5580000,0x00000000d5e00000)
  from space 6656K, 92% used [0x00000000d6700000,0x00000000d6d07ba8,0x00000000d6d80000)
  to   space 7168K, 0% used [0x00000000d5f80000,0x00000000d5f80000,0x00000000d6680000)
 ParOldGen       total 619520K, used 619070K [0x0000000080000000, 0x00000000a5d00000, 0x00000000d5580000)
  object space 619520K, 99% used [0x0000000080000000,0x00000000a5c8f9d0,0x00000000a5d00000)
 Metaspace       used 79737K, committed 81408K, reserved 1179648K
  class space    used 8161K, committed 9024K, reserved 1048576K
}
Event: 86986.422 GC heap before
{Heap before GC invocations=709 (full 4):
 PSYoungGen      total 15360K, used 14875K [0x00000000d5580000, 0x00000000d6d80000, 0x0000000100000000)
  eden space 8704K, 99% used [0x00000000d5580000,0x00000000d5dff2a8,0x00000000d5e00000)
  from space 6656K, 92% used [0x00000000d6700000,0x00000000d6d07ba8,0x00000000d6d80000)
  to   space 7168K, 0% used [0x00000000d5f80000,0x00000000d5f80000,0x00000000d6680000)
 ParOldGen       total 619520K, used 619070K [0x0000000080000000, 0x00000000a5d00000, 0x00000000d5580000)
  object space 619520K, 99% used [0x0000000080000000,0x00000000a5c8f9d0,0x00000000a5d00000)
 Metaspace       used 79763K, committed 81472K, reserved 1179648K
  class space    used 8161K, committed 9024K, reserved 1048576K
}
Event: 86986.430 GC heap after
{Heap after GC invocations=709 (full 4):
 PSYoungGen      total 10240K, used 1088K [0x00000000d5580000, 0x00000000d6780000, 0x0000000100000000)
  eden space 8704K, 0% used [0x00000000d5580000,0x00000000d5580000,0x00000000d5e00000)
  from space 1536K, 70% used [0x00000000d5f80000,0x00000000d6090020,0x00000000d6100000)
  to   space 3584K, 0% used [0x00000000d6400000,0x00000000d6400000,0x00000000d6780000)
 ParOldGen       total 625152K, used 625118K [0x0000000080000000, 0x00000000a6280000, 0x00000000d5580000)
  object space 625152K, 99% used [0x0000000080000000,0x00000000a6277b40,0x00000000a6280000)
 Metaspace       used 79763K, committed 81472K, reserved 1179648K
  class space    used 8161K, committed 9024K, reserved 1048576K
}
Event: 87166.336 GC heap before
{Heap before GC invocations=710 (full 4):
 PSYoungGen      total 10240K, used 9792K [0x00000000d5580000, 0x00000000d6780000, 0x0000000100000000)
  eden space 8704K, 100% used [0x00000000d5580000,0x00000000d5e00000,0x00000000d5e00000)
  from space 1536K, 70% used [0x00000000d5f80000,0x00000000d6090020,0x00000000d6100000)
  to   space 3584K, 0% used [0x00000000d6400000,0x00000000d6400000,0x00000000d6780000)
 ParOldGen       total 625152K, used 625118K [0x0000000080000000, 0x00000000a6280000, 0x00000000d5580000)
  object space 625152K, 99% used [0x0000000080000000,0x00000000a6277b40,0x00000000a6280000)
 Metaspace       used 79801K, committed 81472K, reserved 1179648K
  class space    used 8161K, committed 9024K, reserved 1048576K
}
Event: 87166.606 GC heap after
{Heap after GC invocations=710 (full 4):
 PSYoungGen      total 9216K, used 474K [0x00000000d5580000, 0x00000000d6480000, 0x0000000100000000)
  eden space 8704K, 0% used [0x00000000d5580000,0x00000000d5580000,0x00000000d5e00000)
  from space 512K, 92% used [0x00000000d6400000,0x00000000d6476920,0x00000000d6480000)
  to   space 1536K, 0% used [0x00000000d6180000,0x00000000d6180000,0x00000000d6300000)
 ParOldGen       total 626176K, used 625902K [0x0000000080000000, 0x00000000a6380000, 0x00000000d5580000)
  object space 626176K, 99% used [0x0000000080000000,0x00000000a633bb40,0x00000000a6380000)
 Metaspace       used 79801K, committed 81472K, reserved 1179648K
  class space    used 8161K, committed 9024K, reserved 1048576K
}
Event: 87172.058 GC heap before
{Heap before GC invocations=711 (full 4):
 PSYoungGen      total 9216K, used 9178K [0x00000000d5580000, 0x00000000d6480000, 0x0000000100000000)
  eden space 8704K, 99% used [0x00000000d5580000,0x00000000d5dfff90,0x00000000d5e00000)
  from space 512K, 92% used [0x00000000d6400000,0x00000000d6476920,0x00000000d6480000)
  to   space 1536K, 0% used [0x00000000d6180000,0x00000000d6180000,0x00000000d6300000)
 ParOldGen       total 626176K, used 625902K [0x0000000080000000, 0x00000000a6380000, 0x00000000d5580000)
  object space 626176K, 99% used [0x0000000080000000,0x00000000a633bb40,0x00000000a6380000)
 Metaspace       used 80163K, committed 81792K, reserved 1179648K
  class space    used 8185K, committed 9024K, reserved 1048576K
}
Event: 87172.062 GC heap after
{Heap after GC invocations=711 (full 4):
 PSYoungGen      total 10240K, used 384K [0x00000000d5580000, 0x00000000d6480000, 0x0000000100000000)
  eden space 8704K, 0% used [0x00000000d5580000,0x00000000d5580000,0x00000000d5e00000)
  from space 1536K, 25% used [0x00000000d6180000,0x00000000d61e0000,0x00000000d6300000)
  to   space 512K, 0% used [0x00000000d6400000,0x00000000d6400000,0x00000000d6480000)
 ParOldGen       total 626176K, used 626174K [0x0000000080000000, 0x00000000a6380000, 0x00000000d5580000)
  object space 626176K, 99% used [0x0000000080000000,0x00000000a637fb60,0x00000000a6380000)
 Metaspace       used 80163K, committed 81792K, reserved 1179648K
  class space    used 8185K, committed 9024K, reserved 1048576K
}
Event: 87173.736 GC heap before
{Heap before GC invocations=712 (full 4):
 PSYoungGen      total 10240K, used 9088K [0x00000000d5580000, 0x00000000d6480000, 0x0000000100000000)
  eden space 8704K, 100% used [0x00000000d5580000,0x00000000d5e00000,0x00000000d5e00000)
  from space 1536K, 25% used [0x00000000d6180000,0x00000000d61e0000,0x00000000d6300000)
  to   space 512K, 0% used [0x00000000d6400000,0x00000000d6400000,0x00000000d6480000)
 ParOldGen       total 626176K, used 626174K [0x0000000080000000, 0x00000000a6380000, 0x00000000d5580000)
  object space 626176K, 99% used [0x0000000080000000,0x00000000a637fb60,0x00000000a6380000)
 Metaspace       used 81213K, committed 82816K, reserved 1179648K
  class space    used 8327K, committed 9024K, reserved 1048576K
}
Event: 87173.741 GC heap after
{Heap after GC invocations=712 (full 4):
 PSYoungGen      total 9216K, used 507K [0x00000000d5580000, 0x00000000d6480000, 0x0000000100000000)
  eden space 8704K, 0% used [0x00000000d5580000,0x00000000d5580000,0x00000000d5e00000)
  from space 512K, 99% used [0x00000000d6400000,0x00000000d647ee50,0x00000000d6480000)
  to   space 1024K, 0% used [0x00000000d6280000,0x00000000d6280000,0x00000000d6380000)
 ParOldGen       total 626688K, used 626311K [0x0000000080000000, 0x00000000a6400000, 0x00000000d5580000)
  object space 626688K, 99% used [0x0000000080000000,0x00000000a63a1c20,0x00000000a6400000)
 Metaspace       used 81213K, committed 82816K, reserved 1179648K
  class space    used 8327K, committed 9024K, reserved 1048576K
}
Event: 87173.936 GC heap before
{Heap before GC invocations=713 (full 4):
 PSYoungGen      total 9216K, used 9208K [0x00000000d5580000, 0x00000000d6480000, 0x0000000100000000)
  eden space 8704K, 99% used [0x00000000d5580000,0x00000000d5dff370,0x00000000d5e00000)
  from space 512K, 99% used [0x00000000d6400000,0x00000000d647ee50,0x00000000d6480000)
  to   space 1024K, 0% used [0x00000000d6280000,0x00000000d6280000,0x00000000d6380000)
 ParOldGen       total 626688K, used 626311K [0x0000000080000000, 0x00000000a6400000, 0x00000000d5580000)
  object space 626688K, 99% used [0x0000000080000000,0x00000000a63a1c20,0x00000000a6400000)
 Metaspace       used 82810K, committed 84416K, reserved 1179648K
  class space    used 8539K, committed 9280K, reserved 1048576K
}
Event: 87173.939 GC heap after
{Heap after GC invocations=713 (full 4):
 PSYoungGen      total 9728K, used 667K [0x00000000d5580000, 0x00000000d6480000, 0x0000000100000000)
  eden space 8704K, 0% used [0x00000000d5580000,0x00000000d5580000,0x00000000d5e00000)
  from space 1024K, 65% used [0x00000000d6280000,0x00000000d6326de8,0x00000000d6380000)
  to   space 1024K, 0% used [0x00000000d6380000,0x00000000d6380000,0x00000000d6480000)
 ParOldGen       total 626688K, used 626667K [0x0000000080000000, 0x00000000a6400000, 0x00000000d5580000)
  object space 626688K, 99% used [0x0000000080000000,0x00000000a63faec0,0x00000000a6400000)
 Metaspace       used 82810K, committed 84416K, reserved 1179648K
  class space    used 8539K, committed 9280K, reserved 1048576K
}
Event: 87785.677 GC heap before
{Heap before GC invocations=714 (full 4):
 PSYoungGen      total 9728K, used 9371K [0x00000000d5580000, 0x00000000d6480000, 0x0000000100000000)
  eden space 8704K, 100% used [0x00000000d5580000,0x00000000d5e00000,0x00000000d5e00000)
  from space 1024K, 65% used [0x00000000d6280000,0x00000000d6326de8,0x00000000d6380000)
  to   space 1024K, 0% used [0x00000000d6380000,0x00000000d6380000,0x00000000d6480000)
 ParOldGen       total 626688K, used 626667K [0x0000000080000000, 0x00000000a6400000, 0x00000000d5580000)
  object space 626688K, 99% used [0x0000000080000000,0x00000000a63faec0,0x00000000a6400000)
 Metaspace       used 83113K, committed 84800K, reserved 1179648K
  class space    used 8588K, committed 9344K, reserved 1048576K
}
Event: 87785.833 GC heap after
{Heap after GC invocations=714 (full 4):
 PSYoungGen      total 9728K, used 1022K [0x00000000d5580000, 0x00000000d6480000, 0x0000000100000000)
  eden space 8704K, 0% used [0x00000000d5580000,0x00000000d5580000,0x00000000d5e00000)
  from space 1024K, 99% used [0x00000000d6380000,0x00000000d647fb50,0x00000000d6480000)
  to   space 2048K, 0% used [0x00000000d6080000,0x00000000d6080000,0x00000000d6280000)
 ParOldGen       total 627200K, used 627188K [0x0000000080000000, 0x00000000a6480000, 0x00000000d5580000)
  object space 627200K, 99% used [0x0000000080000000,0x00000000a647d300,0x00000000a6480000)
 Metaspace       used 83113K, committed 84800K, reserved 1179648K
  class space    used 8588K, committed 9344K, reserved 1048576K
}
Event: 87786.009 GC heap before
{Heap before GC invocations=715 (full 4):
 PSYoungGen      total 9728K, used 9726K [0x00000000d5580000, 0x00000000d6480000, 0x0000000100000000)
  eden space 8704K, 99% used [0x00000000d5580000,0x00000000d5dffff8,0x00000000d5e00000)
  from space 1024K, 99% used [0x00000000d6380000,0x00000000d647fb50,0x00000000d6480000)
  to   space 2048K, 0% used [0x00000000d6080000,0x00000000d6080000,0x00000000d6280000)
 ParOldGen       total 627200K, used 627188K [0x0000000080000000, 0x00000000a6480000, 0x00000000d5580000)
  object space 627200K, 99% used [0x0000000080000000,0x00000000a647d300,0x00000000a6480000)
 Metaspace       used 83115K, committed 84800K, reserved 1179648K
  class space    used 8588K, committed 9344K, reserved 1048576K
}
Event: 87786.019 GC heap after
{Heap after GC invocations=715 (full 4):
 PSYoungGen      total 10752K, used 1332K [0x00000000d5580000, 0x00000000d6400000, 0x0000000100000000)
  eden space 8704K, 0% used [0x00000000d5580000,0x00000000d5580000,0x00000000d5e00000)
  from space 2048K, 65% used [0x00000000d6080000,0x00000000d61cd220,0x00000000d6280000)
  to   space 1536K, 0% used [0x00000000d6280000,0x00000000d6280000,0x00000000d6400000)
 ParOldGen       total 628224K, used 628141K [0x0000000080000000, 0x00000000a6580000, 0x00000000d5580000)
  object space 628224K, 99% used [0x0000000080000000,0x00000000a656b770,0x00000000a6580000)
 Metaspace       used 83115K, committed 84800K, reserved 1179648K
  class space    used 8588K, committed 9344K, reserved 1048576K
}
Event: 220762.777 GC heap before
{Heap before GC invocations=716 (full 4):
 PSYoungGen      total 10752K, used 9962K [0x00000000d5580000, 0x00000000d6400000, 0x0000000100000000)
  eden space 8704K, 99% used [0x00000000d5580000,0x00000000d5ded8b0,0x00000000d5e00000)
  from space 2048K, 65% used [0x00000000d6080000,0x00000000d61cd220,0x00000000d6280000)
  to   space 1536K, 0% used [0x00000000d6280000,0x00000000d6280000,0x00000000d6400000)
 ParOldGen       total 628224K, used 628141K [0x0000000080000000, 0x00000000a6580000, 0x00000000d5580000)
  object space 628224K, 99% used [0x0000000080000000,0x00000000a656b770,0x00000000a6580000)
 Metaspace       used 83473K, committed 85120K, reserved 1179648K
  class space    used 8624K, committed 9344K, reserved 1048576K
}
Event: 220763.014 GC heap after
{Heap after GC invocations=716 (full 4):
 PSYoungGen      total 9216K, used 1531K [0x00000000d5580000, 0x00000000d6900000, 0x0000000100000000)
  eden space 7680K, 0% used [0x00000000d5580000,0x00000000d5580000,0x00000000d5d00000)
  from space 1536K, 99% used [0x00000000d6280000,0x00000000d63fee40,0x00000000d6400000)
  to   space 5632K, 0% used [0x00000000d5d00000,0x00000000d5d00000,0x00000000d6280000)
 ParOldGen       total 631808K, used 631514K [0x0000000080000000, 0x00000000a6900000, 0x00000000d5580000)
  object space 631808K, 99% used [0x0000000080000000,0x00000000a68b6b30,0x00000000a6900000)
 Metaspace       used 83473K, committed 85120K, reserved 1179648K
  class space    used 8624K, committed 9344K, reserved 1048576K
}
Event: 220772.308 GC heap before
{Heap before GC invocations=717 (full 4):
 PSYoungGen      total 9216K, used 9211K [0x00000000d5580000, 0x00000000d6900000, 0x0000000100000000)
  eden space 7680K, 100% used [0x00000000d5580000,0x00000000d5d00000,0x00000000d5d00000)
  from space 1536K, 99% used [0x00000000d6280000,0x00000000d63fee40,0x00000000d6400000)
  to   space 5632K, 0% used [0x00000000d5d00000,0x00000000d5d00000,0x00000000d6280000)
 ParOldGen       total 631808K, used 631514K [0x0000000080000000, 0x00000000a6900000, 0x00000000d5580000)
  object space 631808K, 99% used [0x0000000080000000,0x00000000a68b6b30,0x00000000a6900000)
 Metaspace       used 83561K, committed 85248K, reserved 1179648K
  class space    used 8647K, committed 9408K, reserved 1048576K
}
Event: 220772.411 GC heap after
{Heap after GC invocations=717 (full 4):
 PSYoungGen      total 11264K, used 3100K [0x00000000d5580000, 0x00000000d6500000, 0x0000000100000000)
  eden space 7680K, 0% used [0x00000000d5580000,0x00000000d5580000,0x00000000d5d00000)
  from space 3584K, 86% used [0x00000000d5d00000,0x00000000d6007340,0x00000000d6080000)
  to   space 4096K, 0% used [0x00000000d6100000,0x00000000d6100000,0x00000000d6500000)
 ParOldGen       total 633344K, used 632962K [0x0000000080000000, 0x00000000a6a80000, 0x00000000d5580000)
  object space 633344K, 99% used [0x0000000080000000,0x00000000a6a209e0,0x00000000a6a80000)
 Metaspace       used 83561K, committed 85248K, reserved 1179648K
  class space    used 8647K, committed 9408K, reserved 1048576K
}

